<?xml version="1.0" encoding="UTF-8"?>
<testng-results ignored="0" total="1" passed="1" failed="0" skipped="0">
  <reporter-output>
  </reporter-output>
  <suite started-at="2023-08-16T06:37:34Z" name="Default suite" finished-at="2023-08-16T06:37:36Z" duration-ms="1955">
    <groups>
    </groups>
    <test started-at="2023-08-16T06:37:34Z" name="Default test" finished-at="2023-08-16T06:37:36Z" duration-ms="1955">
      <class name="Day1.Get">
        <test-method signature="f()[pri:0, instance:Day1.Get@2362f559]" started-at="2023-08-16T12:07:34Z" name="f" finished-at="2023-08-16T12:07:36Z" duration-ms="1941" status="PASS">
          <reporter-output>
          </reporter-output>
        </test-method> <!-- f -->
      </class> <!-- Day1.Get -->
    </test> <!-- Default test -->
  </suite> <!-- Default suite -->
</testng-results>
