<?xml version="1.0" encoding="UTF-8"?>
<!-- Generated by org.testng.reporters.JUnitXMLReporter -->
<testsuite ignored="0" hostname="BHUKRK587166L" failures="0" tests="3" name="Default test" time="39.299" errors="0" timestamp="26 Jul 2023 17:12:21 GMT">
  <testcase classname="Accelerate.Task100497" name="f" time="0.007"/>
  <testcase classname="Accelerate.Task100497" name="f" time="0.003"/>
  <testcase classname="Accelerate.Task100497" name="module1" time="4.037"/>
</testsuite> <!-- Default test -->
