<?xml version="1.0" encoding="UTF-8"?>
<testsuite xmlns:xsi="http://www.w3.org/2001/XMLSchema-instance" xsi:noNamespaceSchemaLocation="https://maven.apache.org/surefire/maven-surefire-plugin/xsd/surefire-test-report-3.0.xsd" version="3.0" name="TestSuite" time="0.4" tests="11" errors="0" skipped="10" failures="1">
  <properties>
[...]
</properties>
  <testcase name="beforeClass" classname="Test.demo1" time="0.231">
    <failure message="&#10;Can inject only one of &lt;ITestContext, XmlTest&gt; into a @BeforeClass annotated beforeClass.&#10;For more information on native dependency injection please refer to http://testng.org/doc/documentation-main.html#native-dependency-injection" type="org.testng.TestNGException"><![CDATA[org.testng.TestNGException: 

Can inject only one of <ITestContext, XmlTest> into a @BeforeClass annotated beforeClass.
For more information on native dependency injection please refer to http://testng.org/doc/documentation-main.html#native-dependency-injection
]]></failure>
  </testcase>
  <testcase name="beforeMethod" classname="Test.demo1" time="0">
    <skipped/>
  </testcase>
  <testcase name="beforeMethod" classname="Test.demo1" time="0">
    <skipped/>
  </testcase>
  <testcase name="beforeMethod" classname="Test.demo1" time="0">
    <skipped/>
  </testcase>
  <testcase name="f" classname="Test.demo1" time="0">
    <skipped message="&#10;Can inject only one of &lt;ITestContext, XmlTest&gt; into a @BeforeClass annotated beforeClass.&#10;For more information on native dependency injection please refer to http://testng.org/doc/documentation-main.html#native-dependency-injection"/>
  </testcase>
  <testcase name="f" classname="Test.demo1" time="0">
    <skipped message="&#10;Can inject only one of &lt;ITestContext, XmlTest&gt; into a @BeforeClass annotated beforeClass.&#10;For more information on native dependency injection please refer to http://testng.org/doc/documentation-main.html#native-dependency-injection"/>
  </testcase>
  <testcase name="f" classname="Test.demo1" time="0">
    <skipped message="&#10;Can inject only one of &lt;ITestContext, XmlTest&gt; into a @BeforeClass annotated beforeClass.&#10;For more information on native dependency injection please refer to http://testng.org/doc/documentation-main.html#native-dependency-injection"/>
  </testcase>
  <testcase name="afterMethod" classname="Test.demo1" time="0">
    <skipped/>
  </testcase>
  <testcase name="afterMethod" classname="Test.demo1" time="0">
    <skipped/>
  </testcase>
  <testcase name="afterMethod" classname="Test.demo1" time="0">
    <skipped/>
  </testcase>
  <testcase name="afterClass" classname="Test.demo1" time="0">
    <skipped/>
  </testcase>
</testsuite>