<?xml version="1.0" encoding="UTF-8"?>
<!-- Generated by org.testng.reporters.JUnitXMLReporter -->
<testsuite ignored="0" hostname="BHUKRK587166L" failures="0" tests="6" name="Parallel Tests" time="0.066" errors="0" timestamp="29 Nov 2022 17:00:32 GMT">
  <testcase classname="Day1.Demo1" name="f" time="0.009"/>
  <testcase classname="Day1.Demo2" name="f" time="0.01"/>
  <testcase classname="Day1.Demo1" name="f1" time="0.002"/>
  <testcase classname="Day1.Demo2" name="f1" time="0.003"/>
  <testcase classname="Day1.Demo1" name="f2" time="0.003"/>
  <testcase classname="Day1.Demo2" name="f2" time="0.003"/>
</testsuite> <!-- Parallel Tests -->
