<?xml version="1.0" encoding="UTF-8"?>
<testng-results ignored="0" total="3" passed="3" failed="0" skipped="0">
  <reporter-output>
  </reporter-output>
  <suite started-at="2023-07-26T17:11:41Z" name="Default suite" finished-at="2023-07-26T17:12:21Z" duration-ms="39299">
    <groups>
    </groups>
    <test started-at="2023-07-26T17:11:41Z" name="Default test" finished-at="2023-07-26T17:12:21Z" duration-ms="39299">
      <class name="Accelerate.Task100497">
        <test-method is-config="true" signature="setUp()[pri:0, instance:Accelerate.Task100497@53aad5d5]" started-at="2023-07-26T22:41:41Z" name="setUp" finished-at="2023-07-26T22:42:17Z" duration-ms="35219" status="PASS">
          <reporter-output>
          </reporter-output>
        </test-method> <!-- setUp -->
        <test-method signature="f(java.lang.Integer, java.lang.String)[pri:0, instance:Accelerate.Task100497@53aad5d5]" started-at="2023-07-26T22:42:17Z" name="f" data-provider="dp" finished-at="2023-07-26T22:42:17Z" duration-ms="7" status="PASS">
          <params>
            <param index="0">
              <value>
                <![CDATA[1]]>
              </value>
            </param>
            <param index="1">
              <value>
                <![CDATA[a]]>
              </value>
            </param>
          </params>
          <reporter-output>
          </reporter-output>
        </test-method> <!-- f -->
        <test-method signature="f(java.lang.Integer, java.lang.String)[pri:0, instance:Accelerate.Task100497@53aad5d5]" started-at="2023-07-26T22:42:17Z" name="f" data-provider="dp" finished-at="2023-07-26T22:42:17Z" duration-ms="3" status="PASS">
          <params>
            <param index="0">
              <value>
                <![CDATA[2]]>
              </value>
            </param>
            <param index="1">
              <value>
                <![CDATA[b]]>
              </value>
            </param>
          </params>
          <reporter-output>
          </reporter-output>
        </test-method> <!-- f -->
        <test-method signature="module1()[pri:0, instance:Accelerate.Task100497@53aad5d5]" started-at="2023-07-26T22:42:17Z" name="module1" finished-at="2023-07-26T22:42:21Z" duration-ms="4037" status="PASS">
          <reporter-output>
          </reporter-output>
        </test-method> <!-- module1 -->
        <test-method is-config="true" signature="afterClass()[pri:0, instance:Accelerate.Task100497@53aad5d5]" started-at="2023-07-26T22:42:21Z" name="afterClass" finished-at="2023-07-26T22:42:21Z" duration-ms="0" status="PASS">
          <reporter-output>
          </reporter-output>
        </test-method> <!-- afterClass -->
      </class> <!-- Accelerate.Task100497 -->
    </test> <!-- Default test -->
  </suite> <!-- Default suite -->
</testng-results>
